<?xml version="1.0" encoding="UTF-8"?>
<!-- Generated by org.testng.reporters.JUnitReportReporter -->
<testsuite skipped="0" hostname="DESKTOP-HFP8OSQ" name="com.TestNG.LoginTestNG_XML" tests="1" failures="0" timestamp="2020-10-19T22:57:12 BDT" time="3.671" errors="0">
  <testcase name="Login" time="3.671" classname="com.TestNG.LoginTestNG_XML"/>
  <system-out/>
</testsuite> <!-- com.TestNG.LoginTestNG_XML -->
