<?xml version="1.0" encoding="UTF-8"?>
<!-- Generated by org.testng.reporters.JUnitReportReporter -->
<testsuite skipped="0" hostname="DESKTOP-HFP8OSQ" name="com.TestNG.LoginTestNG" tests="1" failures="0" timestamp="2020-10-19T22:39:12 BDT" time="9.406" errors="0">
  <testcase name="Login" time="9.406" classname="com.TestNG.LoginTestNG"/>
  <system-out/>
</testsuite> <!-- com.TestNG.LoginTestNG -->
