<?xml version="1.0" encoding="UTF-8"?>
<!-- Generated by org.testng.reporters.JUnitReportReporter -->
<testsuite skipped="0" hostname="DESKTOP-HFP8OSQ" name="com.TestNG.TestNGDemo" tests="3" failures="0" timestamp="2020-10-19T23:02:13 BDT" time="0.021" errors="0">
  <testcase name="sum" time="0.015" classname="com.TestNG.TestNGDemo"/>
  <system-out/>
  <testcase name="sub" time="0.002" classname="com.TestNG.TestNGDemo"/>
  <system-out/>
  <testcase name="demo" time="0.004" classname="com.TestNG.TestNGDemo"/>
  <system-out/>
</testsuite> <!-- com.TestNG.TestNGDemo -->
